<?xml version="1.0" encoding="utf-8"?><testsuites><testsuite name="pytest" errors="0" failures="0" skipped="0" tests="48" time="30.781" timestamp="2026-08-06T11:06:09.743306+00:00" hostname="agent-env-654c0381-d1fb-4ca7-bce7-a4b6d4467b5b"><testcase classname="tests.test_business_partners" name="test_owner_can_create_supplier_partner" time="0.951" /><testcase classname="tests.test_business_partners" name="test_create_rejects_bad_code" time="0.497" /><testcase classname="tests.test_business_partners" name="test_create_rejects_blank_legal_name" time="0.502" /><testcase classname="tests.test_business_partners" name="test_create_supplier_profile_requires_supplier_capability" time="0.511" /><testcase classname="tests.test_business_partners" name="test_duplicate_code_within_org_conflicts" time="0.522" /><testcase classname="tests.test_business_partners" name="test_same_code_permitted_across_orgs" time="1.011" /><testcase classname="tests.test_business_partners" name="test_list_returns_created_partners" time="0.567" /><testcase classname="tests.test_business_partners" name="test_list_filter_by_capability" time="0.564" /><testcase classname="tests.test_business_partners" name="test_list_filter_by_active" time="0.614" /><testcase classname="tests.test_business_partners" name="test_list_search_by_name_and_code" time="0.545" /><testcase classname="tests.test_business_partners" name="test_list_filter_by_qualification_and_preference" time="0.572" /><testcase classname="tests.test_business_partners" name="test_list_pagination_cursor" time="0.640" /><testcase classname="tests.test_business_partners" name="test_list_invalid_cursor_returns_422" time="0.495" /><testcase classname="tests.test_business_partners" name="test_patch_updates_header_fields" time="0.544" /><testcase classname="tests.test_business_partners" name="test_patch_no_changes_returns_same_state" time="0.518" /><testcase classname="tests.test_business_partners" name="test_deactivate_and_restore_lifecycle" time="0.591" /><testcase classname="tests.test_business_partners" name="test_capability_add_and_remove" time="0.563" /><testcase classname="tests.test_business_partners" name="test_capability_supplier_remove_purges_profile" time="0.545" /><testcase classname="tests.test_business_partners" name="test_upsert_supplier_profile_requires_supplier_capability" time="0.527" /><testcase classname="tests.test_business_partners" name="test_upsert_supplier_profile_qualification_stamps" time="0.538" /><testcase classname="tests.test_business_partners" name="test_contact_create_list_and_primary_invariant" time="0.549" /><testcase classname="tests.test_business_partners" name="test_contact_update_deactivate_restore" time="0.585" /><testcase classname="tests.test_business_partners" name="test_contact_list_pagination_and_include_inactive" time="0.564" /><testcase classname="tests.test_business_partners" name="test_cross_org_partner_returns_tenant_hidden_404" time="0.986" /><testcase classname="tests.test_business_partners" name="test_cross_org_list_returns_empty" time="0.982" /><testcase classname="tests.test_business_partners" name="test_viewer_cannot_create_partner" time="1.288" /><testcase classname="tests.test_business_partners" name="test_farm_director_cannot_deactivate" time="1.251" /><testcase classname="tests.test_business_partners" name="test_full_lifecycle_writes_expected_audit_actions" time="0.644" /><testcase classname="tests.test_business_partners" name="test_audit_metadata_bounded_no_secrets" time="0.519" /><testcase classname="tests.test_business_partners" name="test_cross_org_contact_endpoints_return_tenant_hidden_404" time="1.024" /><testcase classname="tests.test_business_partners" name="test_cross_org_subresources_return_404" time="1.021" /><testcase classname="tests.test_business_partners" name="test_preference_only_change_preserves_qualifier_stamps" time="0.521" /><testcase classname="tests.test_business_partners" name="test_no_hard_delete_endpoint_on_partner" time="0.507" /><testcase classname="tests.test_business_partners" name="test_non_uuid_partner_path_returns_422" time="0.482" /><testcase classname="tests.test_business_partners" name="test_random_partner_id_returns_404" time="0.482" /><testcase classname="tests.test_business_partners" name="test_remove_nonexistent_capability_returns_404" time="0.515" /><testcase classname="tests.test_business_partners" name="test_remove_invalid_capability_enum_returns_422" time="0.509" /><testcase classname="tests.test_business_partners" name="test_add_invalid_capability_body_returns_422" time="0.505" /><testcase classname="tests.test_business_partners" name="test_patch_still_works_on_deactivated_partner" time="0.548" /><testcase classname="tests.test_business_partners" name="test_farm_manager_can_update_but_not_deactivate" time="1.315" /><testcase classname="tests.test_business_partners" name="test_farm_director_cannot_restore" time="1.267" /><testcase classname="tests.test_business_partners" name="test_restore_non_existent_partner_returns_404" time="0.482" /><testcase classname="tests.test_business_partners" name="test_list_filters_are_combinable" time="0.553" /><testcase classname="tests.test_business_partners" name="test_pagination_limit_bounds" time="0.516" /><testcase classname="tests.test_business_partners" name="test_all_capability_enum_values_accepted" time="0.639" /><testcase classname="tests.test_business_partners" name="test_all_contact_role_enums_accepted" time="0.609" /><testcase classname="tests.test_business_partners" name="test_migration_revision_conformance" time="0.001" /><testcase classname="tests.test_business_partners" name="test_frozen_bp_permissions_exact_set" time="0.003" /></testsuite></testsuites>