<?xml version="1.0" encoding="utf-8"?><testsuites><testsuite name="pytest" errors="0" failures="0" skipped="0" tests="102" time="64.024" timestamp="2026-08-06T16:46:15.455303+00:00" hostname="agent-env-654c0381-d1fb-4ca7-bce7-a4b6d4467b5b"><testcase classname="tests.test_business_partners" name="test_owner_can_create_supplier_partner" time="1.526" /><testcase classname="tests.test_business_partners" name="test_create_rejects_bad_code" time="0.512" /><testcase classname="tests.test_business_partners" name="test_create_rejects_blank_legal_name" time="0.521" /><testcase classname="tests.test_business_partners" name="test_create_supplier_profile_requires_supplier_capability" time="0.513" /><testcase classname="tests.test_business_partners" name="test_duplicate_code_within_org_conflicts" time="0.541" /><testcase classname="tests.test_business_partners" name="test_same_code_permitted_across_orgs" time="1.057" /><testcase classname="tests.test_business_partners" name="test_list_returns_created_partners" time="0.612" /><testcase classname="tests.test_business_partners" name="test_list_filter_by_capability" time="0.574" /><testcase classname="tests.test_business_partners" name="test_list_filter_by_active" time="0.661" /><testcase classname="tests.test_business_partners" name="test_list_search_by_name_and_code" time="0.595" /><testcase classname="tests.test_business_partners" name="test_list_filter_by_qualification_and_preference" time="0.661" /><testcase classname="tests.test_business_partners" name="test_list_pagination_cursor" time="0.717" /><testcase classname="tests.test_business_partners" name="test_list_invalid_cursor_returns_422" time="0.540" /><testcase classname="tests.test_business_partners" name="test_patch_updates_header_fields" time="0.573" /><testcase classname="tests.test_business_partners" name="test_patch_no_changes_returns_same_state" time="0.554" /><testcase classname="tests.test_business_partners" name="test_deactivate_and_restore_lifecycle" time="0.640" /><testcase classname="tests.test_business_partners" name="test_capability_add_and_remove" time="0.595" /><testcase classname="tests.test_business_partners" name="test_capability_supplier_remove_purges_profile" time="0.586" /><testcase classname="tests.test_business_partners" name="test_upsert_supplier_profile_requires_supplier_capability" time="0.573" /><testcase classname="tests.test_business_partners" name="test_upsert_supplier_profile_qualification_stamps" time="0.554" /><testcase classname="tests.test_business_partners" name="test_contact_create_list_and_primary_invariant" time="0.551" /><testcase classname="tests.test_business_partners" name="test_contact_update_deactivate_restore" time="0.566" /><testcase classname="tests.test_business_partners" name="test_contact_list_pagination_and_include_inactive" time="0.591" /><testcase classname="tests.test_business_partners" name="test_cross_org_partner_returns_tenant_hidden_404" time="1.017" /><testcase classname="tests.test_business_partners" name="test_cross_org_list_returns_empty" time="1.031" /><testcase classname="tests.test_business_partners" name="test_viewer_cannot_create_partner" time="1.266" /><testcase classname="tests.test_business_partners" name="test_farm_director_cannot_deactivate" time="1.251" /><testcase classname="tests.test_business_partners" name="test_full_lifecycle_writes_expected_audit_actions" time="0.591" /><testcase classname="tests.test_business_partners" name="test_audit_metadata_bounded_no_secrets" time="0.497" /><testcase classname="tests.test_business_partners" name="test_primary_address_round_trip" time="0.493" /><testcase classname="tests.test_business_partners" name="test_country_code_uppercase_normalization" time="0.494" /><testcase classname="tests.test_business_partners" name="test_country_code_invalid_rejected" time="0.525" /><testcase classname="tests.test_business_partners" name="test_primary_address_country_code_iso" time="0.490" /><testcase classname="tests.test_business_partners" name="test_primary_address_extra_keys_rejected" time="0.489" /><testcase classname="tests.test_business_partners" name="test_partner_level_email_and_phone_persist" time="0.493" /><testcase classname="tests.test_business_partners" name="test_partner_level_email_invalid_rejected" time="0.489" /><testcase classname="tests.test_business_partners" name="test_partner_level_email_does_not_replace_contacts" time="0.498" /><testcase classname="tests.test_business_partners" name="test_tax_identifier_persistence" time="0.507" /><testcase classname="tests.test_business_partners" name="test_bounded_metadata_persistence" time="0.492" /><testcase classname="tests.test_business_partners" name="test_metadata_rejects_secrets" time="0.531" /><testcase classname="tests.test_business_partners" name="test_metadata_rejects_oversize" time="0.488" /><testcase classname="tests.test_business_partners" name="test_public_api_omits_old_flat_address_fields" time="0.493" /><testcase classname="tests.test_business_partners" name="test_cross_org_contact_endpoints_return_tenant_hidden_404" time="1.003" /><testcase classname="tests.test_business_partners" name="test_cross_org_subresources_return_404" time="1.006" /><testcase classname="tests.test_business_partners" name="test_preference_only_change_preserves_qualifier_stamps" time="0.509" /><testcase classname="tests.test_business_partners" name="test_no_hard_delete_endpoint_on_partner" time="0.494" /><testcase classname="tests.test_business_partners" name="test_non_uuid_partner_path_returns_422" time="0.484" /><testcase classname="tests.test_business_partners" name="test_random_partner_id_returns_404" time="0.478" /><testcase classname="tests.test_business_partners" name="test_remove_nonexistent_capability_returns_404" time="0.502" /><testcase classname="tests.test_business_partners" name="test_remove_invalid_capability_enum_returns_422" time="0.500" /><testcase classname="tests.test_business_partners" name="test_add_invalid_capability_body_returns_422" time="0.498" /><testcase classname="tests.test_business_partners" name="test_patch_still_works_on_deactivated_partner" time="0.527" /><testcase classname="tests.test_business_partners" name="test_farm_manager_can_update_but_not_deactivate" time="1.317" /><testcase classname="tests.test_business_partners" name="test_farm_director_cannot_restore" time="1.262" /><testcase classname="tests.test_business_partners" name="test_restore_non_existent_partner_returns_404" time="0.481" /><testcase classname="tests.test_business_partners" name="test_list_filters_are_combinable" time="0.535" /><testcase classname="tests.test_business_partners" name="test_pagination_limit_bounds" time="0.520" /><testcase classname="tests.test_business_partners" name="test_all_capability_enum_values_accepted" time="0.604" /><testcase classname="tests.test_business_partners" name="test_all_contact_role_enums_accepted" time="0.584" /><testcase classname="tests.test_business_partners" name="test_migration_revision_conformance" time="0.001" /><testcase classname="tests.test_business_partners" name="test_frozen_bp_permissions_exact_set" time="0.001" /><testcase classname="tests.test_business_partners" name="test_patch_extra_field_rejected" time="0.500" /><testcase classname="tests.test_business_partners" name="test_phone_whitespace_stripping_and_empty_null" time="0.523" /><testcase classname="tests.test_business_partners" name="test_patch_audit_metadata_no_value_leak_for_new_fields" time="0.514" /><testcase classname="tests.test_business_partners" name="test_contact_rows_persist_independently_from_header_email" time="0.503" /><testcase classname="tests.test_business_partners" name="test_declarative_base_metadata_intact" time="0.000" /><testcase classname="tests.test_business_partners" name="test_migration_uses_metadata_column_name" time="0.001" /><testcase classname="tests.test_business_partners" name="test_partner_without_primary_address_renders_null" time="0.505" /><testcase classname="tests.test_business_partners" name="test_metadata_rejects_non_dict" time="0.517" /><testcase classname="tests.test_business_partners" name="test_farm_scoped_role_can_read_org_partner[farm_manager]" time="1.306" /><testcase classname="tests.test_business_partners" name="test_farm_scoped_role_can_read_org_partner[supervisor]" time="1.362" /><testcase classname="tests.test_business_partners" name="test_farm_scoped_role_can_read_org_partner[storekeeper]" time="1.274" /><testcase classname="tests.test_business_partners" name="test_farm_scoped_role_cannot_mutate_partner[farm_manager]" time="1.284" /><testcase classname="tests.test_business_partners" name="test_farm_scoped_role_cannot_mutate_partner[supervisor]" time="1.276" /><testcase classname="tests.test_business_partners" name="test_farm_scoped_role_cannot_mutate_partner[storekeeper]" time="1.271" /><testcase classname="tests.test_business_partners" name="test_scoped_read_stays_tenant_hidden_for_foreign_org" time="1.722" /><testcase classname="tests.test_business_partners" name="test_nested_contact_creation_emits_contact_create_audit" time="0.502" /><testcase classname="tests.test_business_partners" name="test_initial_approved_profile_emits_qualification_audit" time="0.495" /><testcase classname="tests.test_business_partners" name="test_initial_unqualified_profile_does_not_emit_qualification_audit" time="0.495" /><testcase classname="tests.test_business_partners" name="test_qualification_update_records_bounded_old_and_new" time="0.508" /><testcase classname="tests.test_business_partners" name="test_same_state_qualification_no_duplicate_audit" time="0.592" /><testcase classname="tests.test_business_partners" name="test_country_code_ng_is_uppercased" time="0.497" /><testcase classname="tests.test_business_partners" name="test_country_code_valid_iso_accepted[NG]" time="0.492" /><testcase classname="tests.test_business_partners" name="test_country_code_valid_iso_accepted[US]" time="0.499" /><testcase classname="tests.test_business_partners" name="test_country_code_valid_iso_accepted[IN]" time="0.495" /><testcase classname="tests.test_business_partners" name="test_country_code_valid_iso_accepted[GB]" time="0.493" /><testcase classname="tests.test_business_partners" name="test_country_code_valid_iso_accepted[ZA]" time="0.494" /><testcase classname="tests.test_business_partners" name="test_country_code_reserved_or_nonexistent_rejected[ZZ]" time="0.486" /><testcase classname="tests.test_business_partners" name="test_country_code_reserved_or_nonexistent_rejected[QQ]" time="0.486" /><testcase classname="tests.test_business_partners" name="test_country_code_reserved_or_nonexistent_rejected[XX]" time="0.488" /><testcase classname="tests.test_business_partners" name="test_country_code_reserved_or_nonexistent_rejected[ZY]" time="0.489" /><testcase classname="tests.test_business_partners" name="test_country_code_non_string_rejected" time="0.488" /><testcase classname="tests.test_business_partners" name="test_country_code_null_accepted_optional" time="0.498" /><testcase classname="tests.test_business_partners" name="test_contact_patch_can_clear_nullable_fields" time="0.522" /><testcase classname="tests.test_business_partners" name="test_contact_patch_omitted_field_unchanged" time="0.518" /><testcase classname="tests.test_business_partners" name="test_contact_patch_required_field_null_rejected[name]" time="0.512" /><testcase classname="tests.test_business_partners" name="test_contact_patch_required_field_null_rejected[contact_role]" time="0.510" /><testcase classname="tests.test_business_partners" name="test_contact_patch_required_field_null_rejected[is_primary]" time="0.508" /><testcase classname="tests.test_business_partners" name="test_contact_patch_audit_records_changed_fields_no_pii" time="0.517" /><testcase classname="tests.test_business_partners" name="test_concurrent_duplicate_code_returns_deterministic_409" time="0.531" /><testcase classname="tests.test_business_partners" name="test_concurrent_duplicate_capability_returns_409" time="0.533" /><testcase classname="tests.test_business_partners" name="test_primary_address_nested_iso_real_set" time="0.491" /></testsuite></testsuites>