<?xml version="1.0" encoding="utf-8"?><testsuites name="pytest tests"><testsuite name="pytest" errors="0" failures="0" skipped="1" tests="10" time="1.584" timestamp="2026-07-15T02:30:19.853939+00:00" hostname="agent-env-654c0381-d1fb-4ca7-bce7-a4b6d4467b5b"><testcase classname="tests.test_crg03_live.TestMaintenanceLifecycle" name="test_patch_to_maintenance_then_reactivate" time="0.305" /><testcase classname="tests.test_crg03_live.TestMaintenanceLifecycle" name="test_maintenance_blocks_issue_transfer_out_decrease" time="0.096" /><testcase classname="tests.test_crg03_live.TestMaintenanceLifecycle" name="test_maintenance_allows_inbound_and_adjust_increase" time="0.171" /><testcase classname="tests.test_crg03_live.TestMaintenanceLifecycle" name="test_maintenance_reopen_restores_issue" time="0.124" /><testcase classname="tests.test_crg03_live.TestClosedStrictness" name="test_closed_blocks_reversal_and_only_status_can_reopen" time="0.154" /><testcase classname="tests.test_crg03_live.TestTransferDualAuth" name="test_farm_scoped_user_cannot_cross_farm_transfer" time="0.324"><skipped type="pytest.skip" message="roles not visible: 404">/app/apps/api/tests/test_crg03_live.py:302: roles not visible: 404</skipped></testcase><testcase classname="tests.test_crg03_live.TestReversalIdempotencyReplay" name="test_same_key_same_tx_returns_replay_header_no_conflict" time="0.161" /><testcase classname="tests.test_crg03_live.TestAuditLogging" name="test_warehouse_update_writes_audit" time="0.052" /><testcase classname="tests.test_crg03_live.TestAuditLogging" name="test_item_update_writes_audit_and_drops_canonical_unit" time="0.065" /><testcase classname="tests.test_crg03_live.TestAuditLogging" name="test_storage_location_create_writes_audit" time="0.040" /></testsuite></testsuites>