<?xml version="1.0" encoding="utf-8"?><testsuites name="pytest tests"><testsuite name="pytest" errors="0" failures="0" skipped="0" tests="8" time="0.659" timestamp="2026-07-15T03:13:48.026762+00:00" hostname="agent-env-654c0381-d1fb-4ca7-bce7-a4b6d4467b5b"><testcase classname="tests.test_crg03_iter8_live" name="test_closed_status_only_active_reopens" time="0.269" /><testcase classname="tests.test_crg03_iter8_live" name="test_closed_status_only_maintenance_reopens" time="0.032" /><testcase classname="tests.test_crg03_iter8_live" name="test_closed_name_only_refused" time="0.038" /><testcase classname="tests.test_crg03_iter8_live" name="test_closed_status_plus_name_refused" time="0.057" /><testcase classname="tests.test_crg03_iter8_live" name="test_closed_status_plus_address_refused" time="0.037" /><testcase classname="tests.test_crg03_iter8_live" name="test_closed_status_plus_description_refused" time="0.034" /><testcase classname="tests.test_crg03_iter8_live" name="test_reopen_then_edit_is_two_step_flow" time="0.041" /><testcase classname="tests.test_crg03_iter8_live" name="test_main_warehouse_full_matrix" time="0.107" /></testsuite></testsuites>