<?xml version="1.0" encoding="utf-8"?><testsuites name="pytest tests"><testsuite name="pytest" errors="0" failures="0" skipped="0" tests="9" time="6.239" timestamp="2026-07-14T01:51:57.996581+00:00" hostname="agent-env-654c0381-d1fb-4ca7-bce7-a4b6d4467b5b"><testcase classname="tests.test_crg01_curl_e2e" name="test_crg1_cross_tenant_custom_unit_type_is_never_returned" time="1.078" /><testcase classname="tests.test_crg01_curl_e2e" name="test_crg1_own_org_custom_unit_type_is_visible_with_filter" time="0.546" /><testcase classname="tests.test_crg01_curl_e2e" name="test_crg2_same_key_same_payload_returns_replay" time="0.615" /><testcase classname="tests.test_crg01_curl_e2e" name="test_crg2_same_key_different_payload_returns_409" time="0.600" /><testcase classname="tests.test_crg01_curl_e2e" name="test_crg2_missing_header_creates_two_distinct_events" time="0.614" /><testcase classname="tests.test_crg01_curl_e2e" name="test_crg2_key_reused_across_batches_is_scoped_per_batch" time="0.594" /><testcase classname="tests.test_crg01_curl_e2e" name="test_crg2_stocking_replay_does_not_double_transition" time="0.600" /><testcase classname="tests.test_crg01_curl_e2e" name="test_crg2_concurrent_same_key_leaves_exactly_one_event" time="0.734" /><testcase classname="tests.test_crg01_curl_e2e" name="test_crg2_event_transition_happy_path_atomicity" time="0.692" /></testsuite></testsuites>