<?xml version="1.0" encoding="utf-8"?><testsuites name="pytest tests"><testsuite name="pytest" errors="0" failures="0" skipped="7" tests="183" time="125.898" timestamp="2026-07-15T02:25:18.160554+00:00" hostname="agent-env-654c0381-d1fb-4ca7-bce7-a4b6d4467b5b"><testcase classname="tests.test_aquaculture_slice_01" name="test_all_sprint3_aquaculture_unit_types_are_seeded" time="1.186" /><testcase classname="tests.test_aquaculture_slice_01" name="test_unit_type_seed_is_idempotent" time="0.874" /><testcase classname="tests.test_aquaculture_slice_01" name="test_every_event_type_accepts_a_valid_payload[FEEDING-&lt;lambda&gt;]" time="0.770" /><testcase classname="tests.test_aquaculture_slice_01" name="test_every_event_type_accepts_a_valid_payload[MORTALITY-&lt;lambda&gt;]" time="0.784" /><testcase classname="tests.test_aquaculture_slice_01" name="test_every_event_type_accepts_a_valid_payload[SAMPLING-&lt;lambda&gt;]" time="0.826" /><testcase classname="tests.test_aquaculture_slice_01" name="test_every_event_type_accepts_a_valid_payload[WATER_QUALITY-&lt;lambda&gt;]" time="0.777" /><testcase classname="tests.test_aquaculture_slice_01" name="test_stocking_transitions_planned_to_stocked" time="0.721" /><testcase classname="tests.test_aquaculture_slice_01" name="test_stocking_rejects_missing_species" time="0.709" /><testcase classname="tests.test_aquaculture_slice_01" name="test_feeding_rejects_zero_quantity" time="0.786" /><testcase classname="tests.test_aquaculture_slice_01" name="test_water_quality_rejects_impossible_values" time="0.756" /><testcase classname="tests.test_aquaculture_slice_01" name="test_sampling_rejects_min_above_average" time="0.785" /><testcase classname="tests.test_aquaculture_slice_01" name="test_harvest_total_requires_is_final" time="0.733" /><testcase classname="tests.test_aquaculture_slice_01" name="test_deleted_unit_rejects_new_events" time="0.776" /><testcase classname="tests.test_aquaculture_slice_01" name="test_idempotency_replay_for_new_event_types" time="0.782" /><testcase classname="tests.test_aquaculture_slice_01" name="test_idempotency_key_conflict_for_new_event_types" time="0.817" /><testcase classname="tests.test_aquaculture_slice_01" name="test_mortality_exceeding_population_is_rejected" time="0.773" /><testcase classname="tests.test_aquaculture_slice_01" name="test_mortality_on_planned_batch_is_rejected" time="0.622" /><testcase classname="tests.test_aquaculture_slice_01" name="test_cross_tenant_event_write_is_404" time="1.207" /><testcase classname="tests.test_aquaculture_slice_01" name="test_transfer_source_must_match_batch_unit" time="0.694" /><testcase classname="tests.test_aquaculture_slice_01" name="test_transfer_destination_not_found" time="0.689" /><testcase classname="tests.test_aquaculture_slice_01" name="test_transfer_cross_farm_is_blocked" time="0.804" /><testcase classname="tests.test_aquaculture_slice_01" name="test_final_harvest_transitions_to_harvested" time="0.719" /><testcase classname="tests.test_aquaculture_slice_01" name="test_partial_harvest_stays_active" time="0.695" /><testcase classname="tests.test_aquaculture_slice_01" name="test_projections_reflect_event_stream" time="0.865" /><testcase classname="tests.test_aquaculture_slice_01" name="test_projections_sampling_overrides_population" time="0.781" /><testcase classname="tests.test_aquaculture_slice_01" name="test_event_timeline_is_stable_and_cursor_paginated" time="1.090" /><testcase classname="tests.test_audit_filters" name="test_default_page_is_bounded_and_ordered" time="0.717" /><testcase classname="tests.test_audit_filters" name="test_filter_by_action" time="0.685" /><testcase classname="tests.test_audit_filters" name="test_filter_by_entity_type" time="0.665" /><testcase classname="tests.test_audit_filters" name="test_filter_by_farm" time="0.704" /><testcase classname="tests.test_audit_filters" name="test_filter_by_actor" time="0.673" /><testcase classname="tests.test_audit_filters" name="test_filter_by_date_range" time="0.738" /><testcase classname="tests.test_audit_filters" name="test_pagination_is_stable" time="0.753" /><testcase classname="tests.test_audit_filters" name="test_limit_is_clamped" time="0.645" /><testcase classname="tests.test_auth" name="test_hash_and_verify_password_roundtrip" time="0.694" /><testcase classname="tests.test_auth" name="test_create_and_decode_access_token" time="0.001" /><testcase classname="tests.test_auth" name="test_decode_rejects_wrong_token_type" time="0.000" /><testcase classname="tests.test_auth_flows" name="test_duplicate_email_registration" time="0.255" /><testcase classname="tests.test_auth_flows" name="test_invalid_credentials" time="0.497" /><testcase classname="tests.test_auth_flows" name="test_expired_access_token_rejected" time="0.260" /><testcase classname="tests.test_auth_flows" name="test_refresh_token_rotation_and_revocation" time="0.498" /><testcase classname="tests.test_auth_flows" name="test_revoked_refresh_token_via_logout" time="0.484" /><testcase classname="tests.test_auth_flows" name="test_unauthorized_protected_route" time="0.003" /><testcase classname="tests.test_codex_review_gate_01" name="test_cross_tenant_custom_unit_type_is_never_returned" time="1.175" /><testcase classname="tests.test_codex_review_gate_01" name="test_own_org_custom_unit_type_is_visible" time="0.593" /><testcase classname="tests.test_codex_review_gate_01" name="test_same_key_same_payload_returns_replay" time="0.819" /><testcase classname="tests.test_codex_review_gate_01" name="test_same_key_different_payload_returns_409" time="0.709" /><testcase classname="tests.test_codex_review_gate_01" name="test_missing_header_does_not_activate_idempotency" time="0.714" /><testcase classname="tests.test_codex_review_gate_01" name="test_idempotent_stocking_does_not_double_transition" time="0.681" /><testcase classname="tests.test_codex_review_gate_01" name="test_concurrent_same_key_produces_exactly_one_event" time="0.000"><skipped type="pytest.skip" message="Requires real DB-level concurrency (Postgres); SQLite serializes writers.">/app/apps/api/tests/test_codex_review_gate_01.py:247: Requires real DB-level concurrency (Postgres); SQLite serializes writers.</skipped></testcase><testcase classname="tests.test_codex_review_gate_01" name="test_idempotent_replay_is_scoped_per_batch" time="0.695" /><testcase classname="tests.test_codex_review_gate_02" name="test_member_without_event_permission_cannot_create_event" time="1.475" /><testcase classname="tests.test_codex_review_gate_02" name="test_non_member_still_receives_404_not_403" time="1.215" /><testcase classname="tests.test_codex_review_gate_02" name="test_viewer_can_still_read" time="1.447" /><testcase classname="tests.test_codex_review_gate_02" name="test_second_sequential_stocking_is_rejected" time="0.653" /><testcase classname="tests.test_codex_review_gate_02" name="test_stocking_rejected_when_batch_not_planned" time="0.702" /><testcase classname="tests.test_codex_review_gate_02" name="test_concurrent_stocking_only_one_wins" time="0.000"><skipped type="pytest.skip" message="Requires real DB-level concurrency (Postgres); SQLite serializes writers.">/app/apps/api/tests/test_codex_review_gate_02.py:186: Requires real DB-level concurrency (Postgres); SQLite serializes writers.</skipped></testcase><testcase classname="tests.test_codex_review_gate_02" name="test_harvest_total_weight_zero_rejected_by_schema" time="0.825" /><testcase classname="tests.test_codex_review_gate_02" name="test_harvest_exceeds_remaining_population_returns_409" time="0.688" /><testcase classname="tests.test_codex_review_gate_02" name="test_second_final_harvest_rejected" time="0.775" /><testcase classname="tests.test_codex_review_gate_02" name="test_feeding_blocked_on_maintenance_unit" time="0.740" /><testcase classname="tests.test_codex_review_gate_02" name="test_no_writes_on_closed_unit" time="0.760" /><testcase classname="tests.test_codex_review_gate_02" name="test_unit_close_blocked_by_active_batches" time="0.741" /><testcase classname="tests.test_codex_review_gate_02" name="test_site_close_blocked_by_active_batches" time="0.680" /><testcase classname="tests.test_codex_review_gate_02" name="test_transfer_into_maintenance_destination_blocked" time="0.720" /><testcase classname="tests.test_codex_review_gate_02" name="test_cannot_create_unit_under_maintenance_site" time="0.588" /><testcase classname="tests.test_codex_review_gate_02" name="test_cannot_create_unit_under_closed_site" time="0.607" /><testcase classname="tests.test_codex_review_gate_02" name="test_cannot_create_batch_under_maintenance_unit" time="0.642" /><testcase classname="tests.test_codex_review_gate_02" name="test_cannot_create_batch_under_closed_unit" time="0.608" /><testcase classname="tests.test_codex_review_gate_02" name="test_cannot_create_batch_under_maintenance_site" time="1.122" /><testcase classname="tests.test_codex_review_gate_02" name="test_cannot_create_batch_under_closed_site" time="0.611" /><testcase classname="tests.test_codex_review_gate_02" name="test_cannot_manual_transition_under_maintenance_unit" time="0.706" /><testcase classname="tests.test_codex_review_gate_02" name="test_cannot_manual_transition_under_maintenance_site" time="0.696" /><testcase classname="tests.test_codex_review_gate_02" name="test_cannot_manual_transition_under_closed_unit" time="0.727" /><testcase classname="tests.test_codex_review_gate_02" name="test_evacuation_transfer_still_works_from_maintenance" time="0.836" /><testcase classname="tests.test_codex_review_gate_02" name="test_closed_site_is_read_only_for_patch" time="0.635" /><testcase classname="tests.test_codex_review_gate_02" name="test_closed_unit_is_read_only_for_patch" time="0.691" /><testcase classname="tests.test_codex_review_gate_02" name="test_maintenance_site_disallows_capacity_edit" time="0.605" /><testcase classname="tests.test_codex_review_gate_02" name="test_unauthenticated_cannot_list_unit_types" time="0.004" /><testcase classname="tests.test_codex_review_gate_02" name="test_orphan_user_cannot_list_unit_types" time="0.476" /><testcase classname="tests.test_codex_review_gate_02" name="test_non_member_org_scoped_unit_type_list_returns_404" time="1.146" /><testcase classname="tests.test_codex_review_gate_02" name="test_authorized_member_can_list_unit_types" time="0.545" /><testcase classname="tests.test_codex_review_gate_02" name="test_unauthenticated_cannot_read_event_catalog" time="0.003" /><testcase classname="tests.test_codex_review_gate_02" name="test_orphan_user_cannot_read_event_catalog" time="0.497" /><testcase classname="tests.test_codex_review_gate_02" name="test_authorized_member_can_read_event_catalog" time="0.594" /><testcase classname="tests.test_codex_review_gate_02" name="test_batch_patch_blocked_when_parent_unit_is_closed" time="0.734" /><testcase classname="tests.test_codex_review_gate_02" name="test_batch_patch_blocked_when_parent_site_is_closed" time="0.737" /><testcase classname="tests.test_codex_review_gate_02" name="test_delete_site_blocked_when_site_is_closed" time="0.573" /><testcase classname="tests.test_codex_review_gate_02" name="test_delete_unit_blocked_when_unit_is_closed" time="0.876" /><testcase classname="tests.test_codex_review_gate_02" name="test_reopen_then_delete_follows_normal_safeguards" time="1.323" /><testcase classname="tests.test_codex_review_gate_02" name="test_concurrent_mortalities_never_overshoot" time="0.000"><skipped type="pytest.skip" message="Requires real DB-level concurrency (Postgres); SQLite serializes writers.">/app/apps/api/tests/test_codex_review_gate_02.py:818: Requires real DB-level concurrency (Postgres); SQLite serializes writers.</skipped></testcase><testcase classname="tests.test_codex_review_gate_02" name="test_concurrent_transfers_never_overshoot" time="0.000"><skipped type="pytest.skip" message="Requires real DB-level concurrency (Postgres); SQLite serializes writers.">/app/apps/api/tests/test_codex_review_gate_02.py:843: Requires real DB-level concurrency (Postgres); SQLite serializes writers.</skipped></testcase><testcase classname="tests.test_codex_review_gate_02" name="test_concurrent_final_harvests_only_one_wins" time="0.000"><skipped type="pytest.skip" message="Requires real DB-level concurrency (Postgres); SQLite serializes writers.">/app/apps/api/tests/test_codex_review_gate_02.py:871: Requires real DB-level concurrency (Postgres); SQLite serializes writers.</skipped></testcase><testcase classname="tests.test_concurrency" name="test_concurrent_revoke_of_same_assignment_only_wins_once" time="0.799" /><testcase classname="tests.test_concurrency" name="test_concurrent_revoke_of_two_owners_never_orphans" time="0.817" /><testcase classname="tests.test_concurrency" name="test_concurrent_farm_delete_is_idempotent" time="0.586" /><testcase classname="tests.test_concurrency" name="test_concurrent_farm_delete_and_restore_settles_deterministically" time="0.614" /><testcase classname="tests.test_cross_tenant" name="test_alpha_cannot_read_beta_org_or_farm" time="1.294" /><testcase classname="tests.test_cross_tenant" name="test_alpha_cannot_list_beta_farms" time="1.273" /><testcase classname="tests.test_cross_tenant" name="test_alpha_cannot_update_beta_farm" time="1.298" /><testcase classname="tests.test_cross_tenant" name="test_alpha_cannot_delete_or_restore_beta_farm" time="2.117" /><testcase classname="tests.test_cross_tenant" name="test_alpha_cannot_invite_into_beta" time="1.266" /><testcase classname="tests.test_cross_tenant" name="test_alpha_cannot_read_beta_audit_events" time="1.270" /><testcase classname="tests.test_cross_tenant" name="test_alpha_cannot_assign_or_revoke_roles_in_beta" time="1.351" /><testcase classname="tests.test_cross_tenant" name="test_beta_audit_events_only_show_beta_actions" time="1.281" /><testcase classname="tests.test_farm_soft_delete" name="test_soft_delete_hides_farm_from_normal_queries" time="0.587" /><testcase classname="tests.test_farm_soft_delete" name="test_deleted_farm_rejects_new_invitations" time="0.799" /><testcase classname="tests.test_farm_soft_delete" name="test_restore_reactivates_the_farm" time="0.585" /><testcase classname="tests.test_farm_soft_delete" name="test_delete_and_restore_are_idempotent" time="0.595" /><testcase classname="tests.test_farm_soft_delete" name="test_restore_requires_permission" time="1.016" /><testcase classname="tests.test_health" name="test_root" time="0.002" /><testcase classname="tests.test_health" name="test_health" time="0.001" /><testcase classname="tests.test_health" name="test_version" time="0.001" /><testcase classname="tests.test_login_security" name="test_repeated_invalid_password_triggers_429" time="3.083" /><testcase classname="tests.test_login_security" name="test_unknown_email_is_rate_limited_identically" time="0.048" /><testcase classname="tests.test_login_security" name="test_login_succeeds_after_limit_resets" time="2.841" /><testcase classname="tests.test_login_security" name="test_shared_limiter_state_across_workers" time="0.032" /><testcase classname="tests.test_login_security" name="test_per_ip_throttle_catches_email_spraying" time="0.146" /><testcase classname="tests.test_production_engine" name="test_main_site_is_auto_created_with_the_farm" time="0.562" /><testcase classname="tests.test_production_engine" name="test_site_soft_delete_blocked_while_units_exist" time="0.619" /><testcase classname="tests.test_production_engine" name="test_site_delete_and_restore_lifecycle" time="0.742" /><testcase classname="tests.test_production_engine" name="test_system_unit_types_are_seeded" time="0.555" /><testcase classname="tests.test_production_engine" name="test_custom_unit_type_lifecycle_and_system_immutability" time="0.612" /><testcase classname="tests.test_production_engine" name="test_unit_delete_blocked_while_active_batches_exist" time="0.622" /><testcase classname="tests.test_production_engine" name="test_batch_lifecycle_via_event_and_explicit_transitions" time="0.863" /><testcase classname="tests.test_production_engine" name="test_invalid_transitions_return_409" time="0.959" /><testcase classname="tests.test_production_engine" name="test_batch_transitions_are_recorded_in_history" time="0.646" /><testcase classname="tests.test_production_engine" name="test_concurrent_transitions_only_one_wins" time="0.711" /><testcase classname="tests.test_production_engine" name="test_event_catalog_returns_all_types" time="0.559" /><testcase classname="tests.test_production_engine" name="test_event_rejects_unknown_event_type" time="0.622" /><testcase classname="tests.test_production_engine" name="test_event_rejects_extra_fields" time="0.676" /><testcase classname="tests.test_production_engine" name="test_event_rejects_missing_required_field" time="0.702" /><testcase classname="tests.test_production_engine" name="test_event_pagination_is_stable_and_cursor_based" time="0.918" /><testcase classname="tests.test_production_engine" name="test_cross_tenant_access_returns_404" time="1.226" /><testcase classname="tests.test_sprint_4_inventory" name="test_owner_can_create_warehouse_and_item" time="0.601" /><testcase classname="tests.test_sprint_4_inventory" name="test_cross_org_cannot_see_warehouse" time="1.058" /><testcase classname="tests.test_sprint_4_inventory" name="test_farm_pinned_warehouse_still_org_visible" time="1.349" /><testcase classname="tests.test_sprint_4_inventory" name="test_receipt_creates_lot_and_balance" time="0.611" /><testcase classname="tests.test_sprint_4_inventory" name="test_receipt_with_unit_conversion" time="0.597" /><testcase classname="tests.test_sprint_4_inventory" name="test_receipt_incompatible_unit_rejected" time="0.584" /><testcase classname="tests.test_sprint_4_inventory" name="test_receipt_idempotency_replay" time="1.169" /><testcase classname="tests.test_sprint_4_inventory" name="test_receipt_idempotency_payload_conflict" time="0.598" /><testcase classname="tests.test_sprint_4_inventory" name="test_issue_deducts_and_rejects_insufficient" time="0.641" /><testcase classname="tests.test_sprint_4_inventory" name="test_transfer_moves_stock_between_warehouses" time="0.689" /><testcase classname="tests.test_sprint_4_inventory" name="test_adjustment_requires_reason" time="0.653" /><testcase classname="tests.test_sprint_4_inventory" name="test_reversal_flips_balance" time="0.744" /><testcase classname="tests.test_sprint_4_inventory" name="test_feeding_with_lot_deducts_inventory" time="0.831" /><testcase classname="tests.test_sprint_4_inventory" name="test_feeding_insufficient_stock_rolls_back_event" time="0.000"><skipped type="pytest.skip" message="Requires real DB-level concurrency (Postgres); SQLite serializes writers.">/app/apps/api/tests/test_sprint_4_inventory.py:390: Requires real DB-level concurrency (Postgres); SQLite serializes writers.</skipped></testcase><testcase classname="tests.test_sprint_4_inventory" name="test_feeding_retry_does_not_double_deduct" time="0.842" /><testcase classname="tests.test_sprint_4_inventory" name="test_feeding_without_lot_still_works" time="0.918" /><testcase classname="tests.test_sprint_4_inventory" name="test_concurrent_issues_never_overshoot" time="0.000"><skipped type="pytest.skip" message="Requires real DB-level concurrency (Postgres); SQLite serializes writers.">/app/apps/api/tests/test_sprint_4_inventory.py:475: Requires real DB-level concurrency (Postgres); SQLite serializes writers.</skipped></testcase><testcase classname="tests.test_sprint_4_inventory" name="test_reconciliation_ledger_matches_projection" time="0.722" /><testcase classname="tests.test_sprint_4_inventory" name="test_viewer_cannot_receive_stock" time="1.364" /><testcase classname="tests.test_sprint_4_inventory" name="test_viewer_can_read_lots" time="1.374" /><testcase classname="tests.test_sprint_4_inventory" name="test_closed_warehouse_blocks_writes" time="0.600" /><testcase classname="tests.test_sprint_4_inventory" name="test_maintenance_warehouse_blocks_outbound_but_allows_inbound" time="0.691" /><testcase classname="tests.test_sprint_4_inventory" name="test_maintenance_warehouse_blocks_transfer_out" time="0.655" /><testcase classname="tests.test_sprint_4_inventory" name="test_maintenance_reopen_to_active_restores_writes" time="0.747" /><testcase classname="tests.test_sprint_4_inventory" name="test_reversal_under_maintenance_allowed" time="0.634" /><testcase classname="tests.test_sprint_4_inventory" name="test_closed_warehouse_only_reopens_via_status_flip" time="0.608" /><testcase classname="tests.test_sprint_4_inventory" name="test_transfer_requires_permission_on_destination" time="2.251" /><testcase classname="tests.test_sprint_4_inventory" name="test_reversal_idempotency_replays_original_response" time="0.648" /><testcase classname="tests.test_sprint_4_inventory" name="test_update_warehouse_is_audited" time="0.581" /><testcase classname="tests.test_sprint_4_inventory" name="test_update_item_is_audited" time="0.632" /><testcase classname="tests.test_tenancy" name="test_full_onboarding_workflow_with_isolation" time="1.539" /><testcase classname="tests.test_tenancy" name="test_permission_denied_when_role_lacks_permission" time="1.023" /><testcase classname="tests.test_tenancy" name="test_cannot_orphan_organization_ownership" time="0.504" /><testcase classname="tests.test_trusted_proxy" name="test_ignores_xff_when_no_trusted_proxies_configured" time="0.005" /><testcase classname="tests.test_trusted_proxy" name="test_untrusted_peer_cannot_spoof_via_xff" time="0.002" /><testcase classname="tests.test_trusted_proxy" name="test_trusted_proxy_reveals_true_client_ip" time="0.002" /><testcase classname="tests.test_trusted_proxy" name="test_multi_hop_trusted_chain_is_peeled_back" time="0.002" /><testcase classname="tests.test_trusted_proxy" name="test_all_hops_trusted_falls_back_to_peer" time="0.002" /><testcase classname="tests.test_trusted_proxy" name="test_missing_header_falls_back_to_peer_when_trusted" time="0.002" /><testcase classname="tests.test_trusted_proxy" name="test_malformed_xff_falls_back_safely" time="0.002" /><testcase classname="tests.test_trusted_proxy" name="test_invalid_trusted_proxy_entries_are_ignored_not_fatal" time="0.003" /><testcase classname="tests.test_trusted_proxy" name="test_login_uses_trusted_client_ip_end_to_end" time="0.117" /><testcase classname="tests.test_verification" name="test_only_one_active_verification_token_per_user" time="0.263" /><testcase classname="tests.test_verification" name="test_expired_verification_token_is_rejected" time="0.236" /><testcase classname="tests.test_verification" name="test_verification_token_invalidated_after_successful_verify" time="0.264" /><testcase classname="tests.test_verification" name="test_resend_verification_rate_limited" time="0.279" /><testcase classname="tests.test_verification" name="test_resend_for_unknown_email_is_silent_but_still_rate_limited" time="0.017" /><testcase classname="tests.test_version" name="test_v1_version" time="0.001" /><testcase classname="tests.test_version" name="test_v1_health" time="0.004" /></testsuite></testsuites>