<?xml version="1.0" encoding="utf-8"?><testsuites name="pytest tests"><testsuite name="pytest" errors="0" failures="0" skipped="0" tests="12" time="1.820" timestamp="2026-07-13T00:21:03.425100+00:00" hostname="agent-env-654c0381-d1fb-4ca7-bce7-a4b6d4467b5b"><testcase classname="tests.test_agos_sprint0.TestBaseline" name="test_root_banner" time="0.004" /><testcase classname="tests.test_agos_sprint0.TestAuth" name="test_01_register_success" time="0.449" /><testcase classname="tests.test_agos_sprint0.TestBaseline" name="test_health_ok" time="0.002" /><testcase classname="tests.test_agos_sprint0.TestBaseline" name="test_version_meta" time="0.001" /><testcase classname="tests.test_agos_sprint0.TestV1Meta" name="test_v1_health" time="0.129" /><testcase classname="tests.test_agos_sprint0.TestV1Meta" name="test_v1_ready" time="0.047" /><testcase classname="tests.test_agos_sprint0.TestV1Meta" name="test_v1_version" time="0.260" /><testcase classname="tests.test_agos_sprint0.TestAuth" name="test_02_register_duplicate_conflict" time="0.048" /><testcase classname="tests.test_agos_sprint0.TestAuth" name="test_03_login_success" time="0.273" /><testcase classname="tests.test_agos_sprint0.TestAuth" name="test_04_login_invalid_password" time="0.309" /><testcase classname="tests.test_agos_sprint0.TestAuth" name="test_05_refresh_rotation" time="0.120" /><testcase classname="tests.test_agos_sprint0.TestAuth" name="test_06_logout_revokes_refresh" time="0.091" /></testsuite></testsuites>