<?xml version="1.0" encoding="utf-8"?><testsuites name="pytest tests"><testsuite name="pytest" errors="0" failures="0" skipped="0" tests="27" time="12.360" timestamp="2026-07-13T01:43:30.992174+00:00" hostname="agent-env-654c0381-d1fb-4ca7-bce7-a4b6d4467b5b"><testcase classname="tests.test_auth" name="test_hash_and_verify_password_roundtrip" time="0.704" /><testcase classname="tests.test_auth" name="test_create_and_decode_access_token" time="0.002" /><testcase classname="tests.test_auth" name="test_decode_rejects_wrong_token_type" time="0.000" /><testcase classname="tests.test_auth_flows" name="test_duplicate_email_registration" time="0.387" /><testcase classname="tests.test_auth_flows" name="test_invalid_credentials" time="0.467" /><testcase classname="tests.test_auth_flows" name="test_expired_access_token_rejected" time="0.234" /><testcase classname="tests.test_auth_flows" name="test_refresh_token_rotation_and_revocation" time="0.480" /><testcase classname="tests.test_auth_flows" name="test_revoked_refresh_token_via_logout" time="0.476" /><testcase classname="tests.test_auth_flows" name="test_unauthorized_protected_route" time="0.003" /><testcase classname="tests.test_health" name="test_root" time="0.001" /><testcase classname="tests.test_health" name="test_health" time="0.001" /><testcase classname="tests.test_health" name="test_version" time="0.001" /><testcase classname="tests.test_login_security" name="test_repeated_invalid_password_triggers_429" time="2.560" /><testcase classname="tests.test_login_security" name="test_unknown_email_is_rate_limited_identically" time="0.039" /><testcase classname="tests.test_login_security" name="test_login_succeeds_after_limit_resets" time="2.802" /><testcase classname="tests.test_login_security" name="test_shared_limiter_state_across_workers" time="0.021" /><testcase classname="tests.test_login_security" name="test_per_ip_throttle_catches_email_spraying" time="0.105" /><testcase classname="tests.test_tenancy" name="test_full_onboarding_workflow_with_isolation" time="1.517" /><testcase classname="tests.test_tenancy" name="test_permission_denied_when_role_lacks_permission" time="0.997" /><testcase classname="tests.test_tenancy" name="test_cannot_orphan_organization_ownership" time="0.498" /><testcase classname="tests.test_verification" name="test_only_one_active_verification_token_per_user" time="0.257" /><testcase classname="tests.test_verification" name="test_expired_verification_token_is_rejected" time="0.238" /><testcase classname="tests.test_verification" name="test_verification_token_invalidated_after_successful_verify" time="0.261" /><testcase classname="tests.test_verification" name="test_resend_verification_rate_limited" time="0.257" /><testcase classname="tests.test_verification" name="test_resend_for_unknown_email_is_silent_but_still_rate_limited" time="0.016" /><testcase classname="tests.test_version" name="test_v1_version" time="0.002" /><testcase classname="tests.test_version" name="test_v1_health" time="0.003" /></testsuite></testsuites>