<?xml version="1.0" encoding="utf-8"?><testsuites name="pytest tests"><testsuite name="pytest" errors="0" failures="0" skipped="0" tests="5" time="0.590" timestamp="2026-07-15T01:06:19.821834+00:00" hostname="agent-env-654c0381-d1fb-4ca7-bce7-a4b6d4467b5b"><testcase classname="tests.test_sprint4_e2e_curl" name="test_me_after_login" time="0.243" /><testcase classname="tests.test_sprint4_e2e_curl" name="test_receive_idempotency_replay_returns_replay_header" time="0.042" /><testcase classname="tests.test_sprint4_e2e_curl" name="test_receive_idempotency_conflict_on_different_payload" time="0.024" /><testcase classname="tests.test_sprint4_e2e_curl" name="test_full_stock_flow" time="0.197" /><testcase classname="tests.test_sprint4_e2e_curl" name="test_transaction_history_returns_multiple_types" time="0.027" /></testsuite></testsuites>