<?xml version="1.0" encoding="utf-8"?><testsuites name="pytest tests"><testsuite name="pytest" errors="0" failures="0" skipped="0" tests="61" time="33.769" timestamp="2026-07-13T02:07:51.994937+00:00" hostname="agent-env-654c0381-d1fb-4ca7-bce7-a4b6d4467b5b"><testcase classname="tests.test_audit_filters" name="test_default_page_is_bounded_and_ordered" time="0.770" /><testcase classname="tests.test_audit_filters" name="test_filter_by_action" time="0.583" /><testcase classname="tests.test_audit_filters" name="test_filter_by_entity_type" time="0.583" /><testcase classname="tests.test_audit_filters" name="test_filter_by_farm" time="0.586" /><testcase classname="tests.test_audit_filters" name="test_filter_by_actor" time="0.582" /><testcase classname="tests.test_audit_filters" name="test_filter_by_date_range" time="0.618" /><testcase classname="tests.test_audit_filters" name="test_pagination_is_stable" time="0.598" /><testcase classname="tests.test_audit_filters" name="test_limit_is_clamped" time="0.573" /><testcase classname="tests.test_auth" name="test_hash_and_verify_password_roundtrip" time="0.689" /><testcase classname="tests.test_auth" name="test_create_and_decode_access_token" time="0.001" /><testcase classname="tests.test_auth" name="test_decode_rejects_wrong_token_type" time="0.000" /><testcase classname="tests.test_auth_flows" name="test_duplicate_email_registration" time="0.249" /><testcase classname="tests.test_auth_flows" name="test_invalid_credentials" time="0.467" /><testcase classname="tests.test_auth_flows" name="test_expired_access_token_rejected" time="0.236" /><testcase classname="tests.test_auth_flows" name="test_refresh_token_rotation_and_revocation" time="0.484" /><testcase classname="tests.test_auth_flows" name="test_revoked_refresh_token_via_logout" time="0.472" /><testcase classname="tests.test_auth_flows" name="test_unauthorized_protected_route" time="0.003" /><testcase classname="tests.test_concurrency" name="test_concurrent_revoke_of_same_assignment_only_wins_once" time="0.771" /><testcase classname="tests.test_concurrency" name="test_concurrent_revoke_of_two_owners_never_orphans" time="0.810" /><testcase classname="tests.test_concurrency" name="test_concurrent_farm_delete_is_idempotent" time="0.551" /><testcase classname="tests.test_concurrency" name="test_concurrent_farm_delete_and_restore_settles_deterministically" time="0.536" /><testcase classname="tests.test_cross_tenant" name="test_alpha_cannot_read_beta_org_or_farm" time="1.245" /><testcase classname="tests.test_cross_tenant" name="test_alpha_cannot_list_beta_farms" time="1.233" /><testcase classname="tests.test_cross_tenant" name="test_alpha_cannot_update_beta_farm" time="1.242" /><testcase classname="tests.test_cross_tenant" name="test_alpha_cannot_delete_or_restore_beta_farm" time="1.744" /><testcase classname="tests.test_cross_tenant" name="test_alpha_cannot_invite_into_beta" time="1.234" /><testcase classname="tests.test_cross_tenant" name="test_alpha_cannot_read_beta_audit_events" time="1.240" /><testcase classname="tests.test_cross_tenant" name="test_alpha_cannot_assign_or_revoke_roles_in_beta" time="1.235" /><testcase classname="tests.test_cross_tenant" name="test_beta_audit_events_only_show_beta_actions" time="1.251" /><testcase classname="tests.test_farm_soft_delete" name="test_soft_delete_hides_farm_from_normal_queries" time="0.554" /><testcase classname="tests.test_farm_soft_delete" name="test_deleted_farm_rejects_new_invitations" time="0.770" /><testcase classname="tests.test_farm_soft_delete" name="test_restore_reactivates_the_farm" time="0.550" /><testcase classname="tests.test_farm_soft_delete" name="test_delete_and_restore_are_idempotent" time="0.551" /><testcase classname="tests.test_farm_soft_delete" name="test_restore_requires_permission" time="0.991" /><testcase classname="tests.test_health" name="test_root" time="0.002" /><testcase classname="tests.test_health" name="test_health" time="0.001" /><testcase classname="tests.test_health" name="test_version" time="0.001" /><testcase classname="tests.test_login_security" name="test_repeated_invalid_password_triggers_429" time="2.594" /><testcase classname="tests.test_login_security" name="test_unknown_email_is_rate_limited_identically" time="0.040" /><testcase classname="tests.test_login_security" name="test_login_succeeds_after_limit_resets" time="2.804" /><testcase classname="tests.test_login_security" name="test_shared_limiter_state_across_workers" time="0.021" /><testcase classname="tests.test_login_security" name="test_per_ip_throttle_catches_email_spraying" time="0.105" /><testcase classname="tests.test_tenancy" name="test_full_onboarding_workflow_with_isolation" time="1.495" /><testcase classname="tests.test_tenancy" name="test_permission_denied_when_role_lacks_permission" time="0.999" /><testcase classname="tests.test_tenancy" name="test_cannot_orphan_organization_ownership" time="0.495" /><testcase classname="tests.test_trusted_proxy" name="test_ignores_xff_when_no_trusted_proxies_configured" time="0.001" /><testcase classname="tests.test_trusted_proxy" name="test_untrusted_peer_cannot_spoof_via_xff" time="0.001" /><testcase classname="tests.test_trusted_proxy" name="test_trusted_proxy_reveals_true_client_ip" time="0.001" /><testcase classname="tests.test_trusted_proxy" name="test_multi_hop_trusted_chain_is_peeled_back" time="0.001" /><testcase classname="tests.test_trusted_proxy" name="test_all_hops_trusted_falls_back_to_peer" time="0.001" /><testcase classname="tests.test_trusted_proxy" name="test_missing_header_falls_back_to_peer_when_trusted" time="0.001" /><testcase classname="tests.test_trusted_proxy" name="test_malformed_xff_falls_back_safely" time="0.001" /><testcase classname="tests.test_trusted_proxy" name="test_invalid_trusted_proxy_entries_are_ignored_not_fatal" time="0.001" /><testcase classname="tests.test_trusted_proxy" name="test_login_uses_trusted_client_ip_end_to_end" time="0.108" /><testcase classname="tests.test_verification" name="test_only_one_active_verification_token_per_user" time="0.259" /><testcase classname="tests.test_verification" name="test_expired_verification_token_is_rejected" time="0.238" /><testcase classname="tests.test_verification" name="test_verification_token_invalidated_after_successful_verify" time="0.257" /><testcase classname="tests.test_verification" name="test_resend_verification_rate_limited" time="0.262" /><testcase classname="tests.test_verification" name="test_resend_for_unknown_email_is_silent_but_still_rate_limited" time="0.014" /><testcase classname="tests.test_version" name="test_v1_version" time="0.002" /><testcase classname="tests.test_version" name="test_v1_health" time="0.003" /></testsuite></testsuites>