<?xml version="1.0" encoding="utf-8"?><testsuites name="pytest tests"><testsuite name="pytest" errors="0" failures="0" skipped="2" tests="30" time="25.018" timestamp="2026-07-15T02:24:42.120374+00:00" hostname="agent-env-654c0381-d1fb-4ca7-bce7-a4b6d4467b5b"><testcase classname="tests.test_sprint_4_inventory" name="test_owner_can_create_warehouse_and_item" time="0.992" /><testcase classname="tests.test_sprint_4_inventory" name="test_cross_org_cannot_see_warehouse" time="1.042" /><testcase classname="tests.test_sprint_4_inventory" name="test_farm_pinned_warehouse_still_org_visible" time="1.313" /><testcase classname="tests.test_sprint_4_inventory" name="test_receipt_creates_lot_and_balance" time="0.638" /><testcase classname="tests.test_sprint_4_inventory" name="test_receipt_with_unit_conversion" time="0.652" /><testcase classname="tests.test_sprint_4_inventory" name="test_receipt_incompatible_unit_rejected" time="0.596" /><testcase classname="tests.test_sprint_4_inventory" name="test_receipt_idempotency_replay" time="0.630" /><testcase classname="tests.test_sprint_4_inventory" name="test_receipt_idempotency_payload_conflict" time="0.681" /><testcase classname="tests.test_sprint_4_inventory" name="test_issue_deducts_and_rejects_insufficient" time="0.723" /><testcase classname="tests.test_sprint_4_inventory" name="test_transfer_moves_stock_between_warehouses" time="0.781" /><testcase classname="tests.test_sprint_4_inventory" name="test_adjustment_requires_reason" time="0.714" /><testcase classname="tests.test_sprint_4_inventory" name="test_reversal_flips_balance" time="0.684" /><testcase classname="tests.test_sprint_4_inventory" name="test_feeding_with_lot_deducts_inventory" time="0.876" /><testcase classname="tests.test_sprint_4_inventory" name="test_feeding_insufficient_stock_rolls_back_event" time="0.000"><skipped type="pytest.skip" message="Requires real DB-level concurrency (Postgres); SQLite serializes writers.">/app/apps/api/tests/test_sprint_4_inventory.py:390: Requires real DB-level concurrency (Postgres); SQLite serializes writers.</skipped></testcase><testcase classname="tests.test_sprint_4_inventory" name="test_feeding_retry_does_not_double_deduct" time="0.861" /><testcase classname="tests.test_sprint_4_inventory" name="test_feeding_without_lot_still_works" time="0.802" /><testcase classname="tests.test_sprint_4_inventory" name="test_concurrent_issues_never_overshoot" time="0.000"><skipped type="pytest.skip" message="Requires real DB-level concurrency (Postgres); SQLite serializes writers.">/app/apps/api/tests/test_sprint_4_inventory.py:475: Requires real DB-level concurrency (Postgres); SQLite serializes writers.</skipped></testcase><testcase classname="tests.test_sprint_4_inventory" name="test_reconciliation_ledger_matches_projection" time="0.730" /><testcase classname="tests.test_sprint_4_inventory" name="test_viewer_cannot_receive_stock" time="1.627" /><testcase classname="tests.test_sprint_4_inventory" name="test_viewer_can_read_lots" time="1.924" /><testcase classname="tests.test_sprint_4_inventory" name="test_closed_warehouse_blocks_writes" time="0.859" /><testcase classname="tests.test_sprint_4_inventory" name="test_maintenance_warehouse_blocks_outbound_but_allows_inbound" time="0.849" /><testcase classname="tests.test_sprint_4_inventory" name="test_maintenance_warehouse_blocks_transfer_out" time="0.699" /><testcase classname="tests.test_sprint_4_inventory" name="test_maintenance_reopen_to_active_restores_writes" time="0.732" /><testcase classname="tests.test_sprint_4_inventory" name="test_reversal_under_maintenance_allowed" time="0.721" /><testcase classname="tests.test_sprint_4_inventory" name="test_closed_warehouse_only_reopens_via_status_flip" time="0.690" /><testcase classname="tests.test_sprint_4_inventory" name="test_transfer_requires_permission_on_destination" time="1.989" /><testcase classname="tests.test_sprint_4_inventory" name="test_reversal_idempotency_replays_original_response" time="0.701" /><testcase classname="tests.test_sprint_4_inventory" name="test_update_warehouse_is_audited" time="0.644" /><testcase classname="tests.test_sprint_4_inventory" name="test_update_item_is_audited" time="0.796" /></testsuite></testsuites>