<?xml version="1.0" encoding="utf-8"?><testsuites name="pytest tests"><testsuite name="pytest" errors="0" failures="0" skipped="2" tests="21" time="15.117" timestamp="2026-07-15T01:04:11.274144+00:00" hostname="agent-env-654c0381-d1fb-4ca7-bce7-a4b6d4467b5b"><testcase classname="tests.test_sprint_4_inventory" name="test_owner_can_create_warehouse_and_item" time="0.905" /><testcase classname="tests.test_sprint_4_inventory" name="test_cross_org_cannot_see_warehouse" time="1.047" /><testcase classname="tests.test_sprint_4_inventory" name="test_farm_pinned_warehouse_still_org_visible" time="1.298" /><testcase classname="tests.test_sprint_4_inventory" name="test_receipt_creates_lot_and_balance" time="0.605" /><testcase classname="tests.test_sprint_4_inventory" name="test_receipt_with_unit_conversion" time="0.610" /><testcase classname="tests.test_sprint_4_inventory" name="test_receipt_incompatible_unit_rejected" time="0.568" /><testcase classname="tests.test_sprint_4_inventory" name="test_receipt_idempotency_replay" time="0.604" /><testcase classname="tests.test_sprint_4_inventory" name="test_receipt_idempotency_payload_conflict" time="0.605" /><testcase classname="tests.test_sprint_4_inventory" name="test_issue_deducts_and_rejects_insufficient" time="0.626" /><testcase classname="tests.test_sprint_4_inventory" name="test_transfer_moves_stock_between_warehouses" time="0.663" /><testcase classname="tests.test_sprint_4_inventory" name="test_adjustment_requires_reason" time="0.651" /><testcase classname="tests.test_sprint_4_inventory" name="test_reversal_flips_balance" time="0.640" /><testcase classname="tests.test_sprint_4_inventory" name="test_feeding_with_lot_deducts_inventory" time="0.778" /><testcase classname="tests.test_sprint_4_inventory" name="test_feeding_insufficient_stock_rolls_back_event" time="0.000"><skipped type="pytest.skip" message="Requires real DB-level concurrency (Postgres); SQLite serializes writers.">/app/apps/api/tests/test_sprint_4_inventory.py:390: Requires real DB-level concurrency (Postgres); SQLite serializes writers.</skipped></testcase><testcase classname="tests.test_sprint_4_inventory" name="test_feeding_retry_does_not_double_deduct" time="0.773" /><testcase classname="tests.test_sprint_4_inventory" name="test_feeding_without_lot_still_works" time="0.727" /><testcase classname="tests.test_sprint_4_inventory" name="test_concurrent_issues_never_overshoot" time="0.000"><skipped type="pytest.skip" message="Requires real DB-level concurrency (Postgres); SQLite serializes writers.">/app/apps/api/tests/test_sprint_4_inventory.py:475: Requires real DB-level concurrency (Postgres); SQLite serializes writers.</skipped></testcase><testcase classname="tests.test_sprint_4_inventory" name="test_reconciliation_ledger_matches_projection" time="0.666" /><testcase classname="tests.test_sprint_4_inventory" name="test_viewer_cannot_receive_stock" time="1.310" /><testcase classname="tests.test_sprint_4_inventory" name="test_viewer_can_read_lots" time="1.351" /><testcase classname="tests.test_sprint_4_inventory" name="test_closed_warehouse_blocks_writes" time="0.636" /></testsuite></testsuites>