<?xml version="1.0" encoding="utf-8"?><testsuites name="pytest tests"><testsuite name="pytest" errors="0" failures="0" skipped="2" tests="36" time="25.853" timestamp="2026-07-15T03:12:29.676094+00:00" hostname="agent-env-654c0381-d1fb-4ca7-bce7-a4b6d4467b5b"><testcase classname="tests.test_sprint_4_inventory" name="test_owner_can_create_warehouse_and_item" time="0.907" /><testcase classname="tests.test_sprint_4_inventory" name="test_cross_org_cannot_see_warehouse" time="1.044" /><testcase classname="tests.test_sprint_4_inventory" name="test_farm_pinned_warehouse_still_org_visible" time="1.338" /><testcase classname="tests.test_sprint_4_inventory" name="test_receipt_creates_lot_and_balance" time="0.594" /><testcase classname="tests.test_sprint_4_inventory" name="test_receipt_with_unit_conversion" time="0.597" /><testcase classname="tests.test_sprint_4_inventory" name="test_receipt_incompatible_unit_rejected" time="0.575" /><testcase classname="tests.test_sprint_4_inventory" name="test_receipt_idempotency_replay" time="0.609" /><testcase classname="tests.test_sprint_4_inventory" name="test_receipt_idempotency_payload_conflict" time="0.614" /><testcase classname="tests.test_sprint_4_inventory" name="test_issue_deducts_and_rejects_insufficient" time="0.627" /><testcase classname="tests.test_sprint_4_inventory" name="test_transfer_moves_stock_between_warehouses" time="0.668" /><testcase classname="tests.test_sprint_4_inventory" name="test_adjustment_requires_reason" time="0.651" /><testcase classname="tests.test_sprint_4_inventory" name="test_reversal_flips_balance" time="0.633" /><testcase classname="tests.test_sprint_4_inventory" name="test_feeding_with_lot_deducts_inventory" time="0.779" /><testcase classname="tests.test_sprint_4_inventory" name="test_feeding_insufficient_stock_rolls_back_event" time="0.000"><skipped type="pytest.skip" message="Requires real DB-level concurrency (Postgres); SQLite serializes writers.">/app/apps/api/tests/test_sprint_4_inventory.py:390: Requires real DB-level concurrency (Postgres); SQLite serializes writers.</skipped></testcase><testcase classname="tests.test_sprint_4_inventory" name="test_feeding_retry_does_not_double_deduct" time="0.775" /><testcase classname="tests.test_sprint_4_inventory" name="test_feeding_without_lot_still_works" time="0.731" /><testcase classname="tests.test_sprint_4_inventory" name="test_concurrent_issues_never_overshoot" time="0.000"><skipped type="pytest.skip" message="Requires real DB-level concurrency (Postgres); SQLite serializes writers.">/app/apps/api/tests/test_sprint_4_inventory.py:475: Requires real DB-level concurrency (Postgres); SQLite serializes writers.</skipped></testcase><testcase classname="tests.test_sprint_4_inventory" name="test_reconciliation_ledger_matches_projection" time="0.685" /><testcase classname="tests.test_sprint_4_inventory" name="test_viewer_cannot_receive_stock" time="1.364" /><testcase classname="tests.test_sprint_4_inventory" name="test_viewer_can_read_lots" time="1.359" /><testcase classname="tests.test_sprint_4_inventory" name="test_closed_warehouse_blocks_writes" time="0.662" /><testcase classname="tests.test_sprint_4_inventory" name="test_maintenance_warehouse_blocks_outbound_but_allows_inbound" time="0.663" /><testcase classname="tests.test_sprint_4_inventory" name="test_maintenance_warehouse_blocks_transfer_out" time="0.657" /><testcase classname="tests.test_sprint_4_inventory" name="test_maintenance_reopen_to_active_restores_writes" time="0.671" /><testcase classname="tests.test_sprint_4_inventory" name="test_reversal_under_maintenance_allowed" time="0.620" /><testcase classname="tests.test_sprint_4_inventory" name="test_closed_warehouse_only_reopens_via_status_flip" time="0.614" /><testcase classname="tests.test_sprint_4_inventory" name="test_closed_patch_status_only_active_reopens" time="0.587" /><testcase classname="tests.test_sprint_4_inventory" name="test_closed_patch_status_only_maintenance_reopens" time="0.585" /><testcase classname="tests.test_sprint_4_inventory" name="test_closed_patch_name_only_refused" time="0.594" /><testcase classname="tests.test_sprint_4_inventory" name="test_closed_patch_status_plus_name_refused" time="0.609" /><testcase classname="tests.test_sprint_4_inventory" name="test_closed_patch_status_plus_farm_id_refused" time="0.619" /><testcase classname="tests.test_sprint_4_inventory" name="test_closed_reopen_then_edit_is_two_step_flow" time="0.595" /><testcase classname="tests.test_sprint_4_inventory" name="test_transfer_requires_permission_on_destination" time="1.895" /><testcase classname="tests.test_sprint_4_inventory" name="test_reversal_idempotency_replays_original_response" time="0.627" /><testcase classname="tests.test_sprint_4_inventory" name="test_update_warehouse_is_audited" time="0.624" /><testcase classname="tests.test_sprint_4_inventory" name="test_update_item_is_audited" time="0.622" /></testsuite></testsuites>